<?xml version="1.0" encoding="UTF-8"?>
<testsuite xmlns:xsi="http://www.w3.org/2001/XMLSchema-instance" xsi:noNamespaceSchemaLocation="https://maven.apache.org/surefire/maven-surefire-plugin/xsd/surefire-test-report-3.0.xsd" version="3.0" name="com.ejemplo.problema2.Problema2Test" time="0.074" tests="26" errors="0" skipped="0" failures="0">
  <properties>
[...]
</properties>
  <testcase name="testCaso1" classname="com.ejemplo.problema2.Problema2Test" time="0.025"/>
  <testcase name="testCaso2" classname="com.ejemplo.problema2.Problema2Test" time="0.001"/>
  <testcase name="testCaso3" classname="com.ejemplo.problema2.Problema2Test" time="0.0"/>
  <testcase name="testCaso4" classname="com.ejemplo.problema2.Problema2Test" time="0.001"/>
  <testcase name="testCaso5" classname="com.ejemplo.problema2.Problema2Test" time="0.001"/>
  <testcase name="testCaso6" classname="com.ejemplo.problema2.Problema2Test" time="0.001"/>
  <testcase name="testCaso7" classname="com.ejemplo.problema2.Problema2Test" time="0.001"/>
  <testcase name="testCaso8" classname="com.ejemplo.problema2.Problema2Test" time="0.001"/>
  <testcase name="testCaso9" classname="com.ejemplo.problema2.Problema2Test" time="0.0"/>
  <testcase name="testCaso10" classname="com.ejemplo.problema2.Problema2Test" time="0.0"/>
  <testcase name="testCaso11" classname="com.ejemplo.problema2.Problema2Test" time="0.0"/>
  <testcase name="testCaso12" classname="com.ejemplo.problema2.Problema2Test" time="0.001"/>
  <testcase name="testCaso13" classname="com.ejemplo.problema2.Problema2Test" time="0.001"/>
  <testcase name="testCaso14" classname="com.ejemplo.problema2.Problema2Test" time="0.0"/>
  <testcase name="testCaso15" classname="com.ejemplo.problema2.Problema2Test" time="0.0"/>
  <testcase name="testCaso16" classname="com.ejemplo.problema2.Problema2Test" time="0.0"/>
  <testcase name="testCaso17" classname="com.ejemplo.problema2.Problema2Test" time="0.0"/>
  <testcase name="testCaso18" classname="com.ejemplo.problema2.Problema2Test" time="0.0"/>
  <testcase name="testCaso19" classname="com.ejemplo.problema2.Problema2Test" time="0.0"/>
  <testcase name="testCaso20" classname="com.ejemplo.problema2.Problema2Test" time="0.0"/>
  <testcase name="testCaso21" classname="com.ejemplo.problema2.Problema2Test" time="0.001"/>
  <testcase name="testCaso22" classname="com.ejemplo.problema2.Problema2Test" time="0.001"/>
  <testcase name="testCaso23" classname="com.ejemplo.problema2.Problema2Test" time="0.0"/>
  <testcase name="testCaso24" classname="com.ejemplo.problema2.Problema2Test" time="0.0"/>
  <testcase name="testCaso25" classname="com.ejemplo.problema2.Problema2Test" time="0.0"/>
  <testcase name="testCaso26" classname="com.ejemplo.problema2.Problema2Test" time="0.0"/>
</testsuite>